clang version 3.9.0 (tags/RELEASE_390/final)
Target: i386-apple-darwin16.0.0
Thread model: posix
InstalledDir: 
clang Invocation:
 "clang-tool" "-cc1" "-triple" "i386-apple-ios8.0.0" "-fsyntax-only" "-disable-free" "-disable-llvm-verifier" "-discard-value-names" "-main-file-name" "umbrella.h" "-mrelocation-model" "pic" "-pic-level" "2" "-mthread-model" "posix" "-mdisable-fp-elim" "-masm-verbose" "-target-cpu" "yonah" "-target-linker-version" "264.3.102" "-v" "-dwarf-column-info" "-debugger-tuning=lldb" "-resource-dir" "../lib/clang/3.9.0" "-isysroot" "/Applications/Xcode.app/Contents/Developer/Platforms/iPhoneSimulator.platform/Developer/SDKs/iPhoneSimulator10.3.sdk" "-iquote" "/Users/delacey/Library/Developer/Xcode/DerivedData/ProgressSDE-fcoezrmdduumavakcawdtesqyice/Build/Products/Debug-iphonesimulator/SAMKeychain/SAMKeychain.framework/Headers" "-I" "/Users/delacey/nativescript/ProgressSDE/platforms/ios/build/emulator/include" "-I" "/Users/delacey/nativescript/ProgressSDE/platforms/ios/../../node_modules/nativescript-sqlite/platforms/ios" "-I" "/Users/delacey/nativescript/ProgressSDE/platforms/ios/internal" "-I" "/Users/delacey/nativescript/ProgressSDE/platforms/ios/internal/TKLiveSync/include" "-F/Users/delacey/nativescript/ProgressSDE/platforms/ios/build/emulator" "-F/Users/delacey/Library/Developer/Xcode/DerivedData/ProgressSDE-fcoezrmdduumavakcawdtesqyice/Build/Products/Debug-iphonesimulator/SAMKeychain" "-F/Users/delacey/nativescript/ProgressSDE/platforms/ios/internal/" "-F/Users/delacey/nativescript/ProgressSDE/platforms/ios/../../node_modules/nativescript-push-notifications/platforms/ios" "-F/Users/delacey/nativescript/ProgressSDE/platforms/ios/../../node_modules/nativescript-telerik-ui/platforms/ios" "-F/Users/delacey/nativescript/ProgressSDE/platforms/ios/../../node_modules/tns-core-modules-widgets/platforms/ios" "-D" "COCOAPODS=1" "-D" "DEBUG=1" "-Wno-unknown-pragmas" "-Wno-ignored-attributes" "-Wno-nullability-completeness" "-Wno-expansion-to-defined" "-std=gnu99" "-fdebug-compilation-dir" "/Users/delacey/nativescript/ProgressSDE/platforms/ios/internal/metadata-generator/bin" "-ferror-limit" "0" "-fmessage-length" "0" "-stack-protector" "1" "-fblocks" "-fimplicit-module-maps" "-fobjc-runtime=ios-8.0.0" "-fencode-extended-block-signature" "-fobjc-exceptions" "-fexceptions" "-fmax-type-align=16" "-fdiagnostics-show-option" "-x" "objective-c" "umbrella.h"

ignoring nonexistent directory "/Users/delacey/nativescript/ProgressSDE/platforms/ios/build/emulator/include"
ignoring nonexistent directory "/Users/delacey/Library/Developer/Xcode/DerivedData/ProgressSDE-fcoezrmdduumavakcawdtesqyice/Build/Products/Debug-iphonesimulator/SAMKeychain/SAMKeychain.framework/Headers"
ignoring nonexistent directory "/Applications/Xcode.app/Contents/Developer/Platforms/iPhoneSimulator.platform/Developer/SDKs/iPhoneSimulator10.3.sdk/usr/local/include"
ignoring nonexistent directory "/Applications/Xcode.app/Contents/Developer/Platforms/iPhoneSimulator.platform/Developer/SDKs/iPhoneSimulator10.3.sdk/Library/Frameworks"
#include "..." search starts here:
#include <...> search starts here:
 /Users/delacey/nativescript/ProgressSDE/platforms/ios/../../node_modules/nativescript-sqlite/platforms/ios
 /Users/delacey/nativescript/ProgressSDE/platforms/ios/internal
 /Users/delacey/nativescript/ProgressSDE/platforms/ios/internal/TKLiveSync/include
 /Users/delacey/nativescript/ProgressSDE/platforms/ios/build/emulator (framework directory)
 /Users/delacey/Library/Developer/Xcode/DerivedData/ProgressSDE-fcoezrmdduumavakcawdtesqyice/Build/Products/Debug-iphonesimulator/SAMKeychain (framework directory)
 /Users/delacey/nativescript/ProgressSDE/platforms/ios/internal (framework directory)
 /Users/delacey/nativescript/ProgressSDE/platforms/ios/../../node_modules/nativescript-push-notifications/platforms/ios (framework directory)
 /Users/delacey/nativescript/ProgressSDE/platforms/ios/../../node_modules/nativescript-telerik-ui/platforms/ios (framework directory)
 /Users/delacey/nativescript/ProgressSDE/platforms/ios/../../node_modules/tns-core-modules-widgets/platforms/ios (framework directory)
 ../lib/clang/3.9.0/include
 /Applications/Xcode.app/Contents/Developer/Platforms/iPhoneSimulator.platform/Developer/SDKs/iPhoneSimulator10.3.sdk/usr/include
 /Applications/Xcode.app/Contents/Developer/Platforms/iPhoneSimulator.platform/Developer/SDKs/iPhoneSimulator10.3.sdk/System/Library/Frameworks (framework directory)
End of search list.
clang version 3.9.0 (tags/RELEASE_390/final)
Target: i386-apple-darwin16.0.0
Thread model: posix
InstalledDir: 
clang Invocation:
 "objc-metadata-generator" "-cc1" "-triple" "i386-apple-ios8.0.0" "-fsyntax-only" "-disable-free" "-disable-llvm-verifier" "-discard-value-names" "-main-file-name" "umbrella.h" "-mrelocation-model" "pic" "-pic-level" "2" "-mthread-model" "posix" "-mdisable-fp-elim" "-masm-verbose" "-target-cpu" "yonah" "-target-linker-version" "264.3.102" "-v" "-dwarf-column-info" "-debugger-tuning=lldb" "-resource-dir" "../lib/clang/3.9.0" "-isysroot" "/Applications/Xcode.app/Contents/Developer/Platforms/iPhoneSimulator.platform/Developer/SDKs/iPhoneSimulator10.3.sdk" "-iquote" "/Users/delacey/Library/Developer/Xcode/DerivedData/ProgressSDE-fcoezrmdduumavakcawdtesqyice/Build/Products/Debug-iphonesimulator/SAMKeychain/SAMKeychain.framework/Headers" "-I" "/Users/delacey/nativescript/ProgressSDE/platforms/ios/build/emulator/include" "-I" "/Users/delacey/nativescript/ProgressSDE/platforms/ios/../../node_modules/nativescript-sqlite/platforms/ios" "-I" "/Users/delacey/nativescript/ProgressSDE/platforms/ios/internal" "-I" "/Users/delacey/nativescript/ProgressSDE/platforms/ios/internal/TKLiveSync/include" "-F/Users/delacey/nativescript/ProgressSDE/platforms/ios/build/emulator" "-F/Users/delacey/Library/Developer/Xcode/DerivedData/ProgressSDE-fcoezrmdduumavakcawdtesqyice/Build/Products/Debug-iphonesimulator/SAMKeychain" "-F/Users/delacey/nativescript/ProgressSDE/platforms/ios/internal/" "-F/Users/delacey/nativescript/ProgressSDE/platforms/ios/../../node_modules/nativescript-push-notifications/platforms/ios" "-F/Users/delacey/nativescript/ProgressSDE/platforms/ios/../../node_modules/nativescript-telerik-ui/platforms/ios" "-F/Users/delacey/nativescript/ProgressSDE/platforms/ios/../../node_modules/tns-core-modules-widgets/platforms/ios" "-D" "COCOAPODS=1" "-D" "DEBUG=1" "-Wno-unknown-pragmas" "-Wno-ignored-attributes" "-Wno-nullability-completeness" "-Wno-expansion-to-defined" "-std=gnu99" "-fdebug-compilation-dir" "/Users/delacey/nativescript/ProgressSDE/platforms/ios/internal/metadata-generator/bin" "-ferror-limit" "0" "-fmessage-length" "0" "-stack-protector" "1" "-fblocks" "-fimplicit-module-maps" "-fobjc-runtime=ios-8.0.0" "-fencode-extended-block-signature" "-fobjc-exceptions" "-fexceptions" "-fmax-type-align=16" "-fdiagnostics-show-option" "-x" "objective-c" "umbrella.h"

clang -cc1 version 3.9.0 based upon LLVM 3.9.0 default target x86_64-apple-darwin16.0.0
ignoring nonexistent directory "/Users/delacey/nativescript/ProgressSDE/platforms/ios/build/emulator/include"
ignoring nonexistent directory "/Users/delacey/Library/Developer/Xcode/DerivedData/ProgressSDE-fcoezrmdduumavakcawdtesqyice/Build/Products/Debug-iphonesimulator/SAMKeychain/SAMKeychain.framework/Headers"
ignoring nonexistent directory "/Applications/Xcode.app/Contents/Developer/Platforms/iPhoneSimulator.platform/Developer/SDKs/iPhoneSimulator10.3.sdk/usr/local/include"
ignoring nonexistent directory "/Applications/Xcode.app/Contents/Developer/Platforms/iPhoneSimulator.platform/Developer/SDKs/iPhoneSimulator10.3.sdk/Library/Frameworks"
#include "..." search starts here:
#include <...> search starts here:
 /Users/delacey/nativescript/ProgressSDE/platforms/ios/../../node_modules/nativescript-sqlite/platforms/ios
 /Users/delacey/nativescript/ProgressSDE/platforms/ios/internal
 /Users/delacey/nativescript/ProgressSDE/platforms/ios/internal/TKLiveSync/include
 /Users/delacey/nativescript/ProgressSDE/platforms/ios/build/emulator (framework directory)
 /Users/delacey/Library/Developer/Xcode/DerivedData/ProgressSDE-fcoezrmdduumavakcawdtesqyice/Build/Products/Debug-iphonesimulator/SAMKeychain (framework directory)
 /Users/delacey/nativescript/ProgressSDE/platforms/ios/internal (framework directory)
 /Users/delacey/nativescript/ProgressSDE/platforms/ios/../../node_modules/nativescript-push-notifications/platforms/ios (framework directory)
 /Users/delacey/nativescript/ProgressSDE/platforms/ios/../../node_modules/nativescript-telerik-ui/platforms/ios (framework directory)
 /Users/delacey/nativescript/ProgressSDE/platforms/ios/../../node_modules/tns-core-modules-widgets/platforms/ios (framework directory)
 ../lib/clang/3.9.0/include
 /Applications/Xcode.app/Contents/Developer/Platforms/iPhoneSimulator.platform/Developer/SDKs/iPhoneSimulator10.3.sdk/usr/include
 /Applications/Xcode.app/Contents/Developer/Platforms/iPhoneSimulator.platform/Developer/SDKs/iPhoneSimulator10.3.sdk/System/Library/Frameworks (framework directory)
End of search list.
In file included from umbrella.h:619:
/Users/delacey/nativescript/ProgressSDE/platforms/ios/../../node_modules/nativescript-push-notifications/platforms/ios/PushPlugin.framework/Headers/PushPlugin.h:11:9: error: 'Push.h' file not found with <angled> include; use "quotes" instead
#import <Push.h>
        ^~~~~~~~
        "Push.h"
/Users/delacey/nativescript/ProgressSDE/platforms/ios/../../node_modules/nativescript-push-notifications/platforms/ios/PushPlugin.framework/Headers/PushPlugin.h:12:9: error: 'PushManager.h' file not found with <angled> include; use "quotes" instead
#import <PushManager.h>
        ^~~~~~~~~~~~~~~
        "PushManager.h"
/Applications/Xcode.app/Contents/Developer/Platforms/iPhoneOS.platform/Developer/SDKs/iPhoneOS.sdk/usr/include/module.modulemap:1:8: error: redefinition of module 'AppleTextureEncoder'
module AppleTextureEncoder [system] [extern_c] {
       ^
/Applications/Xcode.app/Contents/Developer/Platforms/iPhoneSimulator.platform/Developer/SDKs/iPhoneSimulator10.3.sdk/usr/include/module.modulemap:1:8: note: previously defined here
module AppleTextureEncoder [system] [extern_c] {
       ^
/Applications/Xcode.app/Contents/Developer/Platforms/iPhoneOS.platform/Developer/SDKs/iPhoneOS.sdk/usr/include/module.modulemap:7:8: error: redefinition of module 'Compression'
module Compression [system] [extern_c] {
       ^
/Applications/Xcode.app/Contents/Developer/Platforms/iPhoneSimulator.platform/Developer/SDKs/iPhoneSimulator10.3.sdk/usr/include/module.modulemap:7:8: note: previously defined here
module Compression [system] [extern_c] {
       ^
/Applications/Xcode.app/Contents/Developer/Platforms/iPhoneOS.platform/Developer/SDKs/iPhoneOS.sdk/usr/include/module.modulemap:13:8: error: redefinition of module 'Darwin'
module Darwin [system] [extern_c] {
       ^
/Applications/Xcode.app/Contents/Developer/Platforms/iPhoneSimulator.platform/Developer/SDKs/iPhoneSimulator10.3.sdk/usr/include/module.modulemap:13:8: note: previously defined here
module Darwin [system] [extern_c] {
       ^
/Applications/Xcode.app/Contents/Developer/Platforms/iPhoneOS.platform/Developer/SDKs/iPhoneOS.sdk/usr/include/module.modulemap:1500:8: error: redefinition of module 'asl'
module asl [system] [extern_c] {
       ^
/Applications/Xcode.app/Contents/Developer/Platforms/iPhoneSimulator.platform/Developer/SDKs/iPhoneSimulator10.3.sdk/usr/include/module.modulemap:1621:8: note: previously defined here
module asl [system] [extern_c] {
       ^
/Applications/Xcode.app/Contents/Developer/Platforms/iPhoneOS.platform/Developer/SDKs/iPhoneOS.sdk/usr/include/module.modulemap:1505:8: error: redefinition of module 'dnssd'
module dnssd [system] [extern_c] {
       ^
/Applications/Xcode.app/Contents/Developer/Platforms/iPhoneSimulator.platform/Developer/SDKs/iPhoneSimulator10.3.sdk/usr/include/module.modulemap:1626:8: note: previously defined here
module dnssd [system] [extern_c] {
       ^
/Applications/Xcode.app/Contents/Developer/Platforms/iPhoneOS.platform/Developer/SDKs/iPhoneOS.sdk/usr/include/module.modulemap:1510:8: error: redefinition of module 'launch'
module launch {
       ^
/Applications/Xcode.app/Contents/Developer/Platforms/iPhoneSimulator.platform/Developer/SDKs/iPhoneSimulator10.3.sdk/usr/include/module.modulemap:1631:8: note: previously defined here
module launch {
       ^
/Applications/Xcode.app/Contents/Developer/Platforms/iPhoneOS.platform/Developer/SDKs/iPhoneOS.sdk/usr/include/module.modulemap:1515:8: error: redefinition of module 'os'
module os [system] [extern_c] {
       ^
/Applications/Xcode.app/Contents/Developer/Platforms/iPhoneSimulator.platform/Developer/SDKs/iPhoneSimulator10.3.sdk/usr/include/module.modulemap:1636:8: note: previously defined here
module os [system] [extern_c] {
       ^
/Applications/Xcode.app/Contents/Developer/Platforms/iPhoneOS.platform/Developer/SDKs/iPhoneOS.sdk/usr/include/module.modulemap:1540:8: error: redefinition of module 'os_object'
module os_object [system] [extern_c] {
       ^
/Applications/Xcode.app/Contents/Developer/Platforms/iPhoneSimulator.platform/Developer/SDKs/iPhoneSimulator10.3.sdk/usr/include/module.modulemap:1661:8: note: previously defined here
module os_object [system] [extern_c] {
       ^
/Applications/Xcode.app/Contents/Developer/Platforms/iPhoneOS.platform/Developer/SDKs/iPhoneOS.sdk/usr/include/module.modulemap:1545:8: error: redefinition of module 'libkern'
module libkern [system] [extern_c] {
       ^
/Applications/Xcode.app/Contents/Developer/Platforms/iPhoneSimulator.platform/Developer/SDKs/iPhoneSimulator10.3.sdk/usr/include/module.modulemap:1666:8: note: previously defined here
module libkern [system] [extern_c] {
       ^
In file included from umbrella.h:699:
In file included from /Users/delacey/nativescript/ProgressSDE/platforms/ios/../../node_modules/nativescript-telerik-ui/platforms/ios/TelerikUI.framework/Headers/TelerikUI.h:77:
/Users/delacey/nativescript/ProgressSDE/platforms/ios/../../node_modules/nativescript-telerik-ui/platforms/ios/TelerikUI.framework/Headers/TKChartAxis.h:182:1: warning: no 'assign', 'retain', or 'copy' attribute is specified - 'assign' is assumed [-Wobjc-property-no-attribute]
@property (nonatomic) TKRange * __nonnull zoomRange;
^
/Users/delacey/nativescript/ProgressSDE/platforms/ios/../../node_modules/nativescript-telerik-ui/platforms/ios/TelerikUI.framework/Headers/TKChartAxis.h:182:1: warning: default property attribute 'assign' not appropriate for non-GC object [-Wobjc-property-no-attribute]
In file included from umbrella.h:699:
In file included from /Users/delacey/nativescript/ProgressSDE/platforms/ios/../../node_modules/nativescript-telerik-ui/platforms/ios/TelerikUI.framework/Headers/TelerikUI.h:215:
/Users/delacey/nativescript/ProgressSDE/platforms/ios/../../node_modules/nativescript-telerik-ui/platforms/ios/TelerikUI.framework/Headers/TKCalendarMonthPresenterStyle.h:19:1: warning: no 'assign', 'retain', or 'copy' attribute is specified - 'assign' is assumed [-Wobjc-property-no-attribute]
@property (nonatomic) UIColor *popoverColor;
^
/Users/delacey/nativescript/ProgressSDE/platforms/ios/../../node_modules/nativescript-telerik-ui/platforms/ios/TelerikUI.framework/Headers/TKCalendarMonthPresenterStyle.h:19:1: warning: default property attribute 'assign' not appropriate for non-GC object [-Wobjc-property-no-attribute]
In file included from umbrella.h:699:
In file included from /Users/delacey/nativescript/ProgressSDE/platforms/ios/../../node_modules/nativescript-telerik-ui/platforms/ios/TelerikUI.framework/Headers/TelerikUI.h:229:
In file included from /Users/delacey/nativescript/ProgressSDE/platforms/ios/../../node_modules/nativescript-telerik-ui/platforms/ios/TelerikUI.framework/Headers/TKCalendarDayViewEventsView.h:8:
/Users/delacey/nativescript/ProgressSDE/platforms/ios/../../node_modules/nativescript-telerik-ui/platforms/ios/TelerikUI.framework/Headers/TKCalendarDayViewEventsViewStyle.h:43:1: warning: no 'assign', 'retain', or 'copy' attribute is specified - 'assign' is assumed [-Wobjc-property-no-attribute]
@property (nonatomic, nullable) UIColor * labelTextColor;
^
/Users/delacey/nativescript/ProgressSDE/platforms/ios/../../node_modules/nativescript-telerik-ui/platforms/ios/TelerikUI.framework/Headers/TKCalendarDayViewEventsViewStyle.h:43:1: warning: default property attribute 'assign' not appropriate for non-GC object [-Wobjc-property-no-attribute]
/Users/delacey/nativescript/ProgressSDE/platforms/ios/../../node_modules/nativescript-telerik-ui/platforms/ios/TelerikUI.framework/Headers/TKCalendarDayViewEventsViewStyle.h:58:1: warning: no 'assign', 'retain', or 'copy' attribute is specified - 'assign' is assumed [-Wobjc-property-no-attribute]
@property (nonatomic, nullable) UIColor * separatorColor;
^
/Users/delacey/nativescript/ProgressSDE/platforms/ios/../../node_modules/nativescript-telerik-ui/platforms/ios/TelerikUI.framework/Headers/TKCalendarDayViewEventsViewStyle.h:58:1: warning: default property attribute 'assign' not appropriate for non-GC object [-Wobjc-property-no-attribute]
In file included from umbrella.h:699:
In file included from /Users/delacey/nativescript/ProgressSDE/platforms/ios/../../node_modules/nativescript-telerik-ui/platforms/ios/TelerikUI.framework/Headers/TelerikUI.h:253:
In file included from /Users/delacey/nativescript/ProgressSDE/platforms/ios/../../node_modules/nativescript-telerik-ui/platforms/ios/TelerikUI.framework/Headers/TKDataSource.h:12:
/Users/delacey/nativescript/ProgressSDE/platforms/ios/../../node_modules/nativescript-telerik-ui/platforms/ios/TelerikUI.framework/Headers/TKAutoCompleteTextView.h:84:1: warning: no 'assign', 'retain', or 'copy' attribute is specified - 'assign' is assumed [-Wobjc-property-no-attribute]
@property(nonatomic, nonnull) TKAutoCompleteCoverView *cover;
^
/Users/delacey/nativescript/ProgressSDE/platforms/ios/../../node_modules/nativescript-telerik-ui/platforms/ios/TelerikUI.framework/Headers/TKAutoCompleteTextView.h:84:1: warning: default property attribute 'assign' not appropriate for non-GC object [-Wobjc-property-no-attribute]
In file included from umbrella.h:699:
In file included from /Users/delacey/nativescript/ProgressSDE/platforms/ios/../../node_modules/nativescript-telerik-ui/platforms/ios/TelerikUI.framework/Headers/TelerikUI.h:284:
/Users/delacey/nativescript/ProgressSDE/platforms/ios/../../node_modules/nativescript-telerik-ui/platforms/ios/TelerikUI.framework/Headers/TKEntityProperty.h:96:1: warning: no 'assign', 'retain', or 'copy' attribute is specified - 'assign' is assumed [-Wobjc-property-no-attribute]
@property (nonatomic) NSString *groupName;
^
/Users/delacey/nativescript/ProgressSDE/platforms/ios/../../node_modules/nativescript-telerik-ui/platforms/ios/TelerikUI.framework/Headers/TKEntityProperty.h:96:1: warning: default property attribute 'assign' not appropriate for non-GC object [-Wobjc-property-no-attribute]
In file included from umbrella.h:699:
In file included from /Users/delacey/nativescript/ProgressSDE/platforms/ios/../../node_modules/nativescript-telerik-ui/platforms/ios/TelerikUI.framework/Headers/TelerikUI.h:288:
/Users/delacey/nativescript/ProgressSDE/platforms/ios/../../node_modules/nativescript-telerik-ui/platforms/ios/TelerikUI.framework/Headers/TKDataFormEditor.h:83:1: warning: no 'assign', 'retain', or 'copy' attribute is specified - 'assign' is assumed [-Wobjc-property-no-attribute]
@property (nonatomic, nullable) id value;
^
/Users/delacey/nativescript/ProgressSDE/platforms/ios/../../node_modules/nativescript-telerik-ui/platforms/ios/TelerikUI.framework/Headers/TKDataFormEditor.h:83:1: warning: default property attribute 'assign' not appropriate for non-GC object [-Wobjc-property-no-attribute]
In file included from umbrella.h:699:
In file included from /Users/delacey/nativescript/ProgressSDE/platforms/ios/../../node_modules/nativescript-telerik-ui/platforms/ios/TelerikUI.framework/Headers/TelerikUI.h:311:
/Users/delacey/nativescript/ProgressSDE/platforms/ios/../../node_modules/nativescript-telerik-ui/platforms/ios/TelerikUI.framework/Headers/TKEntityPropertyGroupEditorsView.h:19:1: warning: no 'assign', 'retain', or 'copy' attribute is specified - 'assign' is assumed [-Wobjc-property-no-attribute]
@property (nonatomic) id<TKLayout> layout;
^
/Users/delacey/nativescript/ProgressSDE/platforms/ios/../../node_modules/nativescript-telerik-ui/platforms/ios/TelerikUI.framework/Headers/TKEntityPropertyGroupEditorsView.h:19:1: warning: default property attribute 'assign' not appropriate for non-GC object [-Wobjc-property-no-attribute]
In file included from umbrella.h:699:
In file included from /Users/delacey/nativescript/ProgressSDE/platforms/ios/../../node_modules/nativescript-telerik-ui/platforms/ios/TelerikUI.framework/Headers/TelerikUI.h:318:
/Users/delacey/nativescript/ProgressSDE/platforms/ios/../../node_modules/nativescript-telerik-ui/platforms/ios/TelerikUI.framework/Headers/TKDataFormAutoCompleteInlineEditor.h:22:1: warning: no 'assign', 'retain', or 'copy' attribute is specified - 'assign' is assumed [-Wobjc-property-no-attribute]
@property (nonatomic, nonnull) TKAutoCompleteTextView *autoCompleteView;
^
/Users/delacey/nativescript/ProgressSDE/platforms/ios/../../node_modules/nativescript-telerik-ui/platforms/ios/TelerikUI.framework/Headers/TKDataFormAutoCompleteInlineEditor.h:22:1: warning: default property attribute 'assign' not appropriate for non-GC object [-Wobjc-property-no-attribute]
In file included from umbrella.h:699:
In file included from /Users/delacey/nativescript/ProgressSDE/platforms/ios/../../node_modules/nativescript-telerik-ui/platforms/ios/TelerikUI.framework/Headers/TelerikUI.h:373:
/Users/delacey/nativescript/ProgressSDE/platforms/ios/../../node_modules/nativescript-telerik-ui/platforms/ios/TelerikUI.framework/Headers/TKGridLayoutCellDefinition.h:87:1: warning: no 'assign', 'retain', or 'copy' attribute is specified - 'assign' is assumed [-Wobjc-property-no-attribute]
@property (nonatomic) NSNumber *row;
^
/Users/delacey/nativescript/ProgressSDE/platforms/ios/../../node_modules/nativescript-telerik-ui/platforms/ios/TelerikUI.framework/Headers/TKGridLayoutCellDefinition.h:87:1: warning: default property attribute 'assign' not appropriate for non-GC object [-Wobjc-property-no-attribute]
/Users/delacey/nativescript/ProgressSDE/platforms/ios/../../node_modules/nativescript-telerik-ui/platforms/ios/TelerikUI.framework/Headers/TKGridLayoutCellDefinition.h:92:1: warning: no 'assign', 'retain', or 'copy' attribute is specified - 'assign' is assumed [-Wobjc-property-no-attribute]
@property (nonatomic) NSNumber *column;
^
/Users/delacey/nativescript/ProgressSDE/platforms/ios/../../node_modules/nativescript-telerik-ui/platforms/ios/TelerikUI.framework/Headers/TKGridLayoutCellDefinition.h:92:1: warning: default property attribute 'assign' not appropriate for non-GC object [-Wobjc-property-no-attribute]
In file included from umbrella.h:732:
/Applications/Xcode.app/Contents/Developer/Platforms/iPhoneSimulator.platform/Developer/SDKs/iPhoneSimulator10.3.sdk/usr/include/os/log.h:17:2: error: using os/log.h requires Xcode 8 or later
#error using os/log.h requires Xcode 8 or later
 ^
In file included from umbrella.h:745:
In file included from /Users/delacey/nativescript/ProgressSDE/platforms/ios/build/emulator/SAMKeychain.framework/Headers/SAMKeychain-umbrella.h:5:
/Users/delacey/nativescript/ProgressSDE/platforms/ios/build/emulator/SAMKeychain.framework/Headers/SAMKeychain.h:81:134: warning: unknown attribute 'swift_error' ignored [-Wunknown-attributes]
+ (nullable NSString *)passwordForService:(NSString *)serviceName account:(NSString *)account error:(NSError **)error __attribute__((swift_error(none)));
                                                                                                                                     ^
/Users/delacey/nativescript/ProgressSDE/platforms/ios/build/emulator/SAMKeychain.framework/Headers/SAMKeychain.h:95:136: warning: unknown attribute 'swift_error' ignored [-Wunknown-attributes]
+ (nullable NSData *)passwordDataForService:(NSString *)serviceName account:(NSString *)account error:(NSError **)error __attribute__((swift_error(none)));
                                                                                                                                       ^
/Users/delacey/nativescript/ProgressSDE/platforms/ios/build/emulator/SAMKeychain.framework/Headers/SAMKeychain.h:108:125: warning: unknown attribute 'swift_error' ignored [-Wunknown-attributes]
+ (BOOL)deletePasswordForService:(NSString *)serviceName account:(NSString *)account error:(NSError **)error __attribute__((swift_error(none)));
                                                                                                                            ^
/Users/delacey/nativescript/ProgressSDE/platforms/ios/build/emulator/SAMKeychain.framework/Headers/SAMKeychain.h:123:144: warning: unknown attribute 'swift_error' ignored [-Wunknown-attributes]
+ (BOOL)setPassword:(NSString *)password forService:(NSString *)serviceName account:(NSString *)account error:(NSError **)error __attribute__((swift_error(none)));
                                                                                                                                               ^
/Users/delacey/nativescript/ProgressSDE/platforms/ios/build/emulator/SAMKeychain.framework/Headers/SAMKeychain.h:137:146: warning: unknown attribute 'swift_error' ignored [-Wunknown-attributes]
+ (BOOL)setPasswordData:(NSData *)password forService:(NSString *)serviceName account:(NSString *)account error:(NSError **)error __attribute__((swift_error(none)));
                                                                                                                                                 ^
/Users/delacey/nativescript/ProgressSDE/platforms/ios/build/emulator/SAMKeychain.framework/Headers/SAMKeychain.h:149:116: warning: unknown attribute 'swift_error' ignored [-Wunknown-attributes]
+ (nullable NSArray<NSDictionary<NSString *, id> *> *)allAccounts:(NSError *__autoreleasing *)error __attribute__((swift_error(none)));
                                                                                                                   ^
/Users/delacey/nativescript/ProgressSDE/platforms/ios/build/emulator/SAMKeychain.framework/Headers/SAMKeychain.h:165:162: warning: unknown attribute 'swift_error' ignored [-Wunknown-attributes]
+ (nullable NSArray<NSDictionary<NSString *, id> *> *)accountsForService:(nullable NSString *)serviceName error:(NSError *__autoreleasing *)error __attribute__((swift_error(none)));
                                                                                                                                                                 ^
29 warnings and 12 errors generated.
